c:\storage\documents\tech\bit y2 s1\in613 c++\nexus2k\nexus2k\debug\nexus2k.pch
c:\storage\documents\tech\bit y2 s1\in613 c++\nexus2k\nexus2k\debug\vc120.pdb
c:\storage\documents\tech\bit y2 s1\in613 c++\nexus2k\nexus2k\debug\stdafx.obj
c:\storage\documents\tech\bit y2 s1\in613 c++\nexus2k\nexus2k\debug\state.obj
c:\storage\documents\tech\bit y2 s1\in613 c++\nexus2k\nexus2k\debug\nexus2k.obj
c:\storage\documents\tech\bit y2 s1\in613 c++\nexus2k\nexus2k\debug\gameengine.obj
c:\storage\documents\tech\bit y2 s1\in613 c++\nexus2k\nexus2k\debug\drawer.obj
c:\storage\documents\tech\bit y2 s1\in613 c++\nexus2k\nexus2k\debug\board.obj
c:\storage\documents\tech\bit y2 s1\in613 c++\nexus2k\nexus2k\debug\assemblyinfo.obj
c:\storage\documents\tech\bit y2 s1\in613 c++\nexus2k\nexus2k\debug\.netframework,version=v4.0.assemblyattributes.obj
c:\storage\documents\tech\bit y2 s1\in613 c++\nexus2k\debug\nexus2k.exe
c:\storage\documents\tech\bit y2 s1\in613 c++\nexus2k\debug\nexus2k.pdb
c:\storage\documents\tech\bit y2 s1\in613 c++\nexus2k\nexus2k\debug\nexus2k.form1.resources
c:\storage\documents\tech\bit y2 s1\in613 c++\nexus2k\nexus2k\debug\app.res
c:\storage\documents\tech\bit y2 s1\in613 c++\nexus2k\nexus2k\debug\nexus2k.vcxproj.generateresource.cache
c:\storage\documents\tech\bit y2 s1\in613 c++\nexus2k\nexus2k\debug\nexus2k.vcxprojresolveassemblyreference.cache
c:\storage\documents\tech\bit y2 s1\in613 c++\nexus2k\nexus2k\debug\nexus2k.tlog\cl.command.1.tlog
c:\storage\documents\tech\bit y2 s1\in613 c++\nexus2k\nexus2k\debug\nexus2k.tlog\cl.read.1.tlog
c:\storage\documents\tech\bit y2 s1\in613 c++\nexus2k\nexus2k\debug\nexus2k.tlog\cl.write.1.tlog
c:\storage\documents\tech\bit y2 s1\in613 c++\nexus2k\nexus2k\debug\nexus2k.tlog\link.command.1.tlog
c:\storage\documents\tech\bit y2 s1\in613 c++\nexus2k\nexus2k\debug\nexus2k.tlog\link.read.1.tlog
c:\storage\documents\tech\bit y2 s1\in613 c++\nexus2k\nexus2k\debug\nexus2k.tlog\link.write.1.tlog
c:\storage\documents\tech\bit y2 s1\in613 c++\nexus2k\nexus2k\debug\nexus2k.tlog\metagen.read.1.tlog
c:\storage\documents\tech\bit y2 s1\in613 c++\nexus2k\nexus2k\debug\nexus2k.tlog\metagen.write.1.tlog
c:\storage\documents\tech\bit y2 s1\in613 c++\nexus2k\nexus2k\debug\nexus2k.tlog\nexus2k.write.1u.tlog
c:\storage\documents\tech\bit y2 s1\in613 c++\nexus2k\nexus2k\debug\nexus2k.tlog\rc.command.1.tlog
c:\storage\documents\tech\bit y2 s1\in613 c++\nexus2k\nexus2k\debug\nexus2k.tlog\rc.read.1.tlog
c:\storage\documents\tech\bit y2 s1\in613 c++\nexus2k\nexus2k\debug\nexus2k.tlog\rc.write.1.tlog
c:\storage\documents\tech\bit y2 s1\in613 c++\nexus2k\nexus2k\debug\nexus2k.tlog\tzres.dll.bi
